<?xml version="1.0" encoding="UTF-8"?>
<!-- Generated by org.testng.reporters.JUnitReportReporter -->
<testsuite skipped="0" hostname="DESKTOP-GN99695" name="Academy.HomePage" tests="2" failures="0" timestamp="2022-02-22T23:03:25 IST" time="15.316" errors="0">
  <testcase name="basePageNavigation" time="6.984" classname="Academy.HomePage"/>
  <system-out/>
  <testcase name="basePageNavigation" time="8.332" classname="Academy.HomePage"/>
  <system-out/>
</testsuite> <!-- Academy.HomePage -->
