<?xml version="1.0" encoding="UTF-8"?>
<!-- Generated by org.testng.reporters.JUnitReportReporter -->
<testsuite skipped="0" hostname="DESKTOP-GN99695" name="Academy.validateNavigationBar" tests="1" failures="0" timestamp="2022-02-22T23:03:25 IST" time="9.047" errors="0">
  <testcase name="validateAppNavBar" time="9.047" classname="Academy.validateNavigationBar"/>
  <system-out/>
</testsuite> <!-- Academy.validateNavigationBar -->
